[    0.000000] Linux version 4.15.0-212-generic (buildd@lcy02-amd64-083) (gcc version 7.5.0 (Ubuntu 7.5.0-3ubuntu1~18.04)) #223-Ubuntu SMP Tue May 23 13:09:22 UTC 2023 (Ubuntu 4.15.0-212.223-generic 4.15.18)
[    0.000000] Command line: BOOT_IMAGE=/boot/vmlinuz-4.15.0-212-generic root=LABEL=cloudimg-rootfs ro console=tty1 console=ttyS0
[    0.000000] KERNEL supported cpus:
[    0.000000]   Intel GenuineIntel
[    0.000000]   AMD AuthenticAMD
[    0.000000]   Centaur CentaurHauls
[    0.000000] x86/fpu: Supporting XSAVE feature 0x001: 'x87 floating point registers'
[    0.000000] x86/fpu: Supporting XSAVE feature 0x002: 'SSE registers'
[    0.000000] x86/fpu: Supporting XSAVE feature 0x004: 'AVX registers'
[    0.000000] x86/fpu: xstate_offset[2]:  576, xstate_sizes[2]:  256
[    0.000000] x86/fpu: Enabled xstate features 0x7, context size is 832 bytes, using 'standard' format.
[    0.000000] e820: BIOS-provided physical RAM map:
[    0.000000] BIOS-e820: [mem 0x0000000000000000-0x000000000009fbff] usable
[    0.000000] BIOS-e820: [mem 0x000000000009fc00-0x000000000009ffff] reserved
[    0.000000] BIOS-e820: [mem 0x00000000000f0000-0x00000000000fffff] reserved
[    0.000000] BIOS-e820: [mem 0x0000000000100000-0x000000007ffeffff] usable
[    0.000000] BIOS-e820: [mem 0x000000007fff0000-0x000000007fffffff] ACPI data
[    0.000000] BIOS-e820: [mem 0x00000000fec00000-0x00000000fec00fff] reserved
[    0.000000] BIOS-e820: [mem 0x00000000fee00000-0x00000000fee00fff] reserved
[    0.000000] BIOS-e820: [mem 0x00000000fffc0000-0x00000000ffffffff] reserved
[    0.000000] NX (Execute Disable) protection: active
[    0.000000] SMBIOS 2.5 present.
[    0.000000] DMI: innotek GmbH VirtualBox/VirtualBox, BIOS VirtualBox 12/01/2006
[    0.000000] Hypervisor detected: KVM
[    0.000000] e820: last_pfn = 0x7fff0 max_arch_pfn = 0x400000000
[    0.000000] MTRR: Disabled
[    0.000000] x86/PAT: MTRRs disabled, skipping PAT initialization too.
[    0.000000] CPU MTRRs all blank - virtualized system.
[    0.000000] x86/PAT: Configuration [0-7]: WB  WT  UC- UC  WB  WT  UC- UC  
[    0.000000] found SMP MP-table at [mem 0x0009fff0-0x0009ffff]
[    0.000000] Scanning 1 areas for low memory corruption
[    0.000000] RAMDISK: [mem 0x359cb000-0x36cdcfff]
[    0.000000] ACPI: Early table checksum verification disabled
[    0.000000] ACPI: RSDP 0x00000000000E0000 000024 (v02 VBOX  )
[    0.000000] ACPI: XSDT 0x000000007FFF0030 00003C (v01 VBOX   VBOXXSDT 00000001 ASL  00000061)
[    0.000000] ACPI: FACP 0x000000007FFF00F0 0000F4 (v04 VBOX   VBOXFACP 00000001 ASL  00000061)
[    0.000000] ACPI: DSDT 0x000000007FFF0470 002325 (v02 VBOX   VBOXBIOS 00000002 INTL 20200925)
[    0.000000] ACPI: FACS 0x000000007FFF0200 000040
[    0.000000] ACPI: FACS 0x000000007FFF0200 000040
[    0.000000] ACPI: APIC 0x000000007FFF0240 00005C (v02 VBOX   VBOXAPIC 00000001 ASL  00000061)
[    0.000000] ACPI: SSDT 0x000000007FFF02A0 0001CC (v01 VBOX   VBOXCPUT 00000002 INTL 20200925)
[    0.000000] ACPI: Reserving FACP table memory at [mem 0x7fff00f0-0x7fff01e3]
[    0.000000] ACPI: Reserving DSDT table memory at [mem 0x7fff0470-0x7fff2794]
[    0.000000] ACPI: Reserving FACS table memory at [mem 0x7fff0200-0x7fff023f]
[    0.000000] ACPI: Reserving FACS table memory at [mem 0x7fff0200-0x7fff023f]
[    0.000000] ACPI: Reserving APIC table memory at [mem 0x7fff0240-0x7fff029b]
[    0.000000] ACPI: Reserving SSDT table memory at [mem 0x7fff02a0-0x7fff046b]
[    0.000000] No NUMA configuration found
[    0.000000] Faking a node at [mem 0x0000000000000000-0x000000007ffeffff]
[    0.000000] NODE_DATA(0) allocated [mem 0x7ffc5000-0x7ffeffff]
[    0.000000] kvm-clock: cpu 0, msr 0:7ff44001, primary cpu clock
[    0.000000] kvm-clock: Using msrs 4b564d01 and 4b564d00
[    0.000000] kvm-clock: using sched offset of 4227081636 cycles
[    0.000000] clocksource: kvm-clock: mask: 0xffffffffffffffff max_cycles: 0x1cd42e4dffb, max_idle_ns: 881590591483 ns
[    0.000000] Zone ranges:
[    0.000000]   DMA      [mem 0x0000000000001000-0x0000000000ffffff]
[    0.000000]   DMA32    [mem 0x0000000001000000-0x000000007ffeffff]
[    0.000000]   Normal   empty
[    0.000000]   Device   empty
[    0.000000] Movable zone start for each node
[    0.000000] Early memory node ranges
[    0.000000]   node   0: [mem 0x0000000000001000-0x000000000009efff]
[    0.000000]   node   0: [mem 0x0000000000100000-0x000000007ffeffff]
[    0.000000] Reserved but unavailable: 104 pages
[    0.000000] Initmem setup node 0 [mem 0x0000000000001000-0x000000007ffeffff]
[    0.000000] ACPI: PM-Timer IO Port: 0x4008
[    0.000000] IOAPIC[0]: apic_id 2, version 32, address 0xfec00000, GSI 0-23
[    0.000000] ACPI: INT_SRC_OVR (bus 0 bus_irq 0 global_irq 2 dfl dfl)
[    0.000000] ACPI: INT_SRC_OVR (bus 0 bus_irq 9 global_irq 9 low level)
[    0.000000] Using ACPI (MADT) for SMP configuration information
[    0.000000] smpboot: Allowing 2 CPUs, 0 hotplug CPUs
[    0.000000] PM: Registered nosave memory: [mem 0x00000000-0x00000fff]
[    0.000000] PM: Registered nosave memory: [mem 0x0009f000-0x0009ffff]
[    0.000000] PM: Registered nosave memory: [mem 0x000a0000-0x000effff]
[    0.000000] PM: Registered nosave memory: [mem 0x000f0000-0x000fffff]
[    0.000000] e820: [mem 0x80000000-0xfebfffff] available for PCI devices
[    0.000000] Booting paravirtualized kernel on KVM
[    0.000000] clocksource: refined-jiffies: mask: 0xffffffff max_cycles: 0xffffffff, max_idle_ns: 7645519600211568 ns
[    0.000000] setup_percpu: NR_CPUS:8192 nr_cpumask_bits:2 nr_cpu_ids:2 nr_node_ids:1
[    0.000000] percpu: Embedded 50 pages/cpu s167936 r8192 d28672 u1048576
[    0.000000] PV qspinlock hash table entries: 256 (order: 0, 4096 bytes)
[    0.000000] Built 1 zonelists, mobility grouping on.  Total pages: 515961
[    0.000000] Policy zone: DMA32
[    0.000000] Kernel command line: BOOT_IMAGE=/boot/vmlinuz-4.15.0-212-generic root=LABEL=cloudimg-rootfs ro console=tty1 console=ttyS0
[    0.000000] Memory: 2014836K/2096696K available (12300K kernel code, 2477K rwdata, 4324K rodata, 2480K init, 2720K bss, 81860K reserved, 0K cma-reserved)
[    0.000000] SLUB: HWalign=64, Order=0-3, MinObjects=0, CPUs=2, Nodes=1
[    0.000000] Kernel/User page tables isolation: enabled
[    0.000000] ftrace: allocating 39508 entries in 155 pages
[    0.004000] Hierarchical RCU implementation.
[    0.004000] 	RCU restricting CPUs from NR_CPUS=8192 to nr_cpu_ids=2.
[    0.004000] 	Tasks RCU enabled.
[    0.004000] RCU: Adjusting geometry for rcu_fanout_leaf=16, nr_cpu_ids=2
[    0.004000] NR_IRQS: 524544, nr_irqs: 440, preallocated irqs: 16
[    0.004000] random: crng init done
[    0.004000] Console: colour VGA+ 80x25
[    0.004000] console [tty1] enabled
[    0.004000] console [ttyS0] enabled
[    0.004000] ACPI: Core revision 20170831
[    0.004000] ACPI: 2 ACPI AML tables successfully acquired and loaded
[    0.004000] APIC: Switch to symmetric I/O mode setup
[    0.004000] x2apic enabled
[    0.004000] Switched APIC routing to physical x2apic.
[    0.006340] ..TIMER: vector=0x30 apic1=0 pin1=2 apic2=-1 pin2=-1
[    0.008005] tsc: Detected 2611.198 MHz processor
[    0.009290] Calibrating delay loop (skipped) preset value.. 5222.39 BogoMIPS (lpj=10444792)
[    0.012003] pid_max: default: 32768 minimum: 301
[    0.013348] Security Framework initialized
[    0.014528] Yama: becoming mindful.
[    0.016027] AppArmor: AppArmor initialized
[    0.018635] Dentry cache hash table entries: 262144 (order: 9, 2097152 bytes)
[    0.021071] Inode-cache hash table entries: 131072 (order: 8, 1048576 bytes)
[    0.022879] Mount-cache hash table entries: 4096 (order: 3, 32768 bytes)
[    0.024007] Mountpoint-cache hash table entries: 4096 (order: 3, 32768 bytes)
[    0.026229] Last level iTLB entries: 4KB 0, 2MB 0, 4MB 0
[    0.028002] Last level dTLB entries: 4KB 0, 2MB 0, 4MB 0, 1GB 0
[    0.029545] Spectre V1 : Mitigation: usercopy/swapgs barriers and __user pointer sanitization
[    0.032003] Spectre V2 : Mitigation: Retpolines
[    0.033218] Spectre V2 : Spectre v2 / SpectreRSB mitigation: Filling RSB on context switch
[    0.036002] Spectre V2 : Spectre v2 / SpectreRSB : Filling RSB on VMEXIT
[    0.037953] Speculative Store Bypass: Vulnerable
[    0.040079] MDS: Mitigation: Clear CPU buffers
[    0.042010] Freeing SMP alternatives memory: 36K
[    0.156734] smpboot: CPU0: 12th Gen Intel(R) Core(TM) i7-1255U (family: 0x6, model: 0x9a, stepping: 0x4)
[    0.159928] Performance Events: unsupported p6 CPU model 154 no PMU driver, software events only.
[    0.160055] Hierarchical SRCU implementation.
[    0.161777] NMI watchdog: Perf event create on CPU 0 failed with -2
[    0.164003] NMI watchdog: Perf NMI watchdog permanently disabled
[    0.166110] smp: Bringing up secondary CPUs ...
[    0.168118] x86: Booting SMP configuration:
[    0.169448] .... node  #0, CPUs:      #1
[    0.004000] kvm-clock: cpu 1, msr 0:7ff44041, secondary cpu clock
[    0.176080] smp: Brought up 1 node, 2 CPUs
[    0.177590] smpboot: Max logical packages: 1
[    0.180010] smpboot: Total of 2 processors activated (10444.79 BogoMIPS)
[    0.182519] devtmpfs: initialized
[    0.184129] x86/mm: Memory block size: 128MB
[    0.188458] evm: security.selinux
[    0.190544] evm: security.SMACK64
[    0.192032] evm: security.SMACK64EXEC
[    0.196020] evm: security.SMACK64TRANSMUTE
[    0.200039] evm: security.SMACK64MMAP
[    0.204005] evm: security.apparmor
[    0.205678] evm: security.ima
[    0.208003] evm: security.capability
[    0.209737] clocksource: jiffies: mask: 0xffffffff max_cycles: 0xffffffff, max_idle_ns: 7645041785100000 ns
[    0.212039] futex hash table entries: 512 (order: 3, 32768 bytes)
[    0.216100] pinctrl core: initialized pinctrl subsystem
[    0.218409] RTC time: 14:17:19, date: 12/25/23
[    0.220308] NET: Registered protocol family 16
[    0.222183] audit: initializing netlink subsys (disabled)
[    0.224066] audit: type=2000 audit(1703513845.728:1): state=initialized audit_enabled=0 res=1
[    0.228033] cpuidle: using governor ladder
[    0.232019] cpuidle: using governor menu
[    0.233672] ACPI: bus type PCI registered
[    0.236006] acpiphp: ACPI Hot Plug PCI Controller Driver version: 0.5
[    0.240082] PCI: Using configuration type 1 for base access
[    0.245655] HugeTLB registered 2.00 MiB page size, pre-allocated 0 pages
[    0.248132] ACPI: Added _OSI(Module Device)
[    0.249666] ACPI: Added _OSI(Processor Device)
[    0.252014] ACPI: Added _OSI(3.0 _SCP Extensions)
[    0.253851] ACPI: Added _OSI(Processor Aggregator Device)
[    0.256015] ACPI: Added _OSI(Linux-Dell-Video)
[    0.257635] ACPI: Added _OSI(Linux-Lenovo-NV-HDMI-Audio)
[    0.260022] ACPI: Added _OSI(Linux-HPI-Hybrid-Graphics)
[    0.264684] ACPI: Executed 1 blocks of module-level executable AML code
[    0.277558] ACPI: Interpreter enabled
[    0.279054] ACPI: (supports S0 S5)
[    0.280005] ACPI: Using IOAPIC for interrupt routing
[    0.282343] PCI: Using host bridge windows from ACPI; if necessary, use "pci=nocrs" and report a bug
[    0.284457] ACPI: Enabled 2 GPEs in block 00 to 07
[    0.299255] ACPI: PCI Root Bridge [PCI0] (domain 0000 [bus 00-ff])
[    0.300013] acpi PNP0A03:00: _OSC: OS supports [ASPM ClockPM Segments MSI]
[    0.304790] acpi PNP0A03:00: _OSC: not requesting OS control; OS requires [ExtendedConfig ASPM ClockPM MSI]
[    0.308016] acpi PNP0A03:00: fail to add MMCONFIG information, can't access extended PCI configuration space under this bridge.
[    0.312607] PCI host bridge to bus 0000:00
[    0.313998] pci_bus 0000:00: root bus resource [io  0x0000-0x0cf7 window]
[    0.316004] pci_bus 0000:00: root bus resource [io  0x0d00-0xffff window]
[    0.318127] pci_bus 0000:00: root bus resource [mem 0x000a0000-0x000bffff window]
[    0.320003] pci_bus 0000:00: root bus resource [mem 0x80000000-0xfdffffff window]
[    0.324004] pci_bus 0000:00: root bus resource [bus 00-ff]
[    0.330625] pci 0000:00:01.1: legacy IDE quirk: reg 0x10: [io  0x01f0-0x01f7]
[    0.332006] pci 0000:00:01.1: legacy IDE quirk: reg 0x14: [io  0x03f6]
[    0.336012] pci 0000:00:01.1: legacy IDE quirk: reg 0x18: [io  0x0170-0x0177]
[    0.340016] pci 0000:00:01.1: legacy IDE quirk: reg 0x1c: [io  0x0376]
[    0.373772] pci 0000:00:07.0: quirk: [io  0x4000-0x403f] claimed by PIIX4 ACPI
[    0.376018] pci 0000:00:07.0: quirk: [io  0x4100-0x410f] claimed by PIIX4 SMB
[    0.393048] ACPI: PCI Interrupt Link [LNKA] (IRQs 5 9 10 *11)
[    0.394868] ACPI: PCI Interrupt Link [LNKB] (IRQs 5 9 *10 11)
[    0.396000] ACPI: PCI Interrupt Link [LNKC] (IRQs 5 *9 10 11)
[    0.396118] ACPI: PCI Interrupt Link [LNKD] (IRQs 5 9 10 *11)
[    0.400573] SCSI subsystem initialized
[    0.408112] pci 0000:00:02.0: vgaarb: setting as boot VGA device
[    0.410624] pci 0000:00:02.0: vgaarb: VGA device added: decodes=io+mem,owns=io+mem,locks=none
[    0.412016] pci 0000:00:02.0: vgaarb: bridge control possible
[    0.416004] vgaarb: loaded
[    0.417184] ACPI: bus type USB registered
[    0.418715] usbcore: registered new interface driver usbfs
[    0.420013] usbcore: registered new interface driver hub
[    0.421902] usbcore: registered new device driver usb
[    0.424105] EDAC MC: Ver: 3.0.0
[    0.425572] PCI: Using ACPI for IRQ routing
[    0.428538] NetLabel: Initializing
[    0.429715] NetLabel:  domain hash size = 128
[    0.432002] NetLabel:  protocols = UNLABELED CIPSOv4 CALIPSO
[    0.433871] NetLabel:  unlabeled traffic allowed by default
[    0.436092] clocksource: Switched to clocksource kvm-clock
[    0.453090] VFS: Disk quotas dquot_6.6.0
[    0.454231] VFS: Dquot-cache hash table entries: 512 (order 0, 4096 bytes)
[    0.456080] AppArmor: AppArmor Filesystem Enabled
[    0.457395] pnp: PnP ACPI init
[    0.459542] pnp: PnP ACPI: found 3 devices
[    0.470738] clocksource: acpi_pm: mask: 0xffffff max_cycles: 0xffffff, max_idle_ns: 2085701024 ns
[    0.473224] NET: Registered protocol family 2
[    0.485211] IP idents hash table entries: 32768 (order: 6, 262144 bytes)
[    0.488695] TCP established hash table entries: 16384 (order: 5, 131072 bytes)
[    0.492032] TCP bind hash table entries: 16384 (order: 6, 262144 bytes)
[    0.496328] TCP: Hash tables configured (established 16384 bind 16384)
[    0.498815] UDP hash table entries: 1024 (order: 3, 32768 bytes)
[    0.500907] UDP-Lite hash table entries: 1024 (order: 3, 32768 bytes)
[    0.503200] NET: Registered protocol family 1
[    0.504846] pci 0000:00:00.0: Limiting direct PCI/PCI transfers
[    0.506999] pci 0000:00:01.0: Activating ISA DMA hang workarounds
[    0.509238] pci 0000:00:02.0: Video device with shadowed ROM at [mem 0x000c0000-0x000dffff]
[    0.512355] Unpacking initramfs...
[    1.009513] Freeing initrd memory: 19528K
[    1.011855] clocksource: tsc: mask: 0xffffffffffffffff max_cycles: 0x25a38e665e8, max_idle_ns: 440795247960 ns
[    1.016910] platform rtc_cmos: registered platform RTC device (no PNP device found)
[    1.021803] Scanning for low memory corruption every 60 seconds
[    1.025366] Initialise system trusted keyrings
[    1.027826] Key type blacklist registered
[    1.030984] workingset: timestamp_bits=36 max_order=19 bucket_order=0
[    1.034390] zbud: loaded
[    1.036215] squashfs: version 4.0 (2009/01/31) Phillip Lougher
[    1.038436] fuse init (API version 7.26)
[    1.043419] Key type asymmetric registered
[    1.044783] Asymmetric key parser 'x509' registered
[    1.046419] Block layer SCSI generic (bsg) driver version 0.4 loaded (major 246)
[    1.049879] io scheduler noop registered
[    1.051233] io scheduler deadline registered
[    1.052762] io scheduler cfq registered (default)
[    1.054901] ACPI: AC Adapter [AC] (off-line)
[    1.056507] input: Power Button as /devices/LNXSYSTM:00/LNXPWRBN:00/input/input0
[    1.059246] ACPI: Power Button [PWRF]
[    1.060648] input: Sleep Button as /devices/LNXSYSTM:00/LNXSLPBN:00/input/input1
[    1.063857] ACPI: Sleep Button [SLPF]
[    1.066980] ACPI: Battery Slot [BAT0] (battery present)
[    1.069909] Serial: 8250/16550 driver, 32 ports, IRQ sharing enabled
[    1.093872] 00:02: ttyS0 at I/O 0x3f8 (irq = 4, base_baud = 115200) is a 16550A
[    1.104831] Linux agpgart interface v0.103
[    1.111027] loop: module loaded
[    1.115932] scsi host0: ata_piix
[    1.117798] scsi host1: ata_piix
[    1.119404] ata1: PATA max UDMA/33 cmd 0x1f0 ctl 0x3f6 bmdma 0xd000 irq 14
[    1.121893] ata2: PATA max UDMA/33 cmd 0x170 ctl 0x376 bmdma 0xd008 irq 15
[    1.125027] tun: Universal TUN/TAP device driver, 1.6
[    1.127097] PPP generic driver version 2.4.2
[    1.129059] ehci_hcd: USB 2.0 'Enhanced' Host Controller (EHCI) Driver
[    1.131233] ehci-pci: EHCI PCI platform driver
[    1.132861] ehci-platform: EHCI generic platform driver
[    1.135059] ohci_hcd: USB 1.1 'Open' Host Controller (OHCI) Driver
[    1.137104] ohci-pci: OHCI PCI platform driver
[    1.138590] ohci-platform: OHCI generic platform driver
[    1.141014] uhci_hcd: USB Universal Host Controller Interface driver
[    1.143203] i8042: PNP: PS/2 Controller [PNP0303:PS2K,PNP0f03:PS2M] at 0x60,0x64 irq 1,12
[    1.146685] serio: i8042 KBD port at 0x60,0x64 irq 1
[    1.148440] serio: i8042 AUX port at 0x60,0x64 irq 12
[    1.150648] mousedev: PS/2 mouse device common for all mice
[    1.153971] rtc_cmos rtc_cmos: rtc core: registered rtc_cmos as rtc0
[    1.156651] input: AT Translated Set 2 keyboard as /devices/platform/i8042/serio0/input/input2
[    1.160576] rtc_cmos rtc_cmos: alarms up to one day, 114 bytes nvram
[    1.163939] i2c /dev entries driver
[    1.166077] device-mapper: uevent: version 1.0.3
[    1.169916] device-mapper: ioctl: 4.37.0-ioctl (2017-09-20) initialised: dm-devel@redhat.com
[    1.174169] ledtrig-cpu: registered to indicate activity on CPUs
[    1.177681] NET: Registered protocol family 10
[    1.187827] Segment Routing with IPv6
[    1.189280] NET: Registered protocol family 17
[    1.190931] Key type dns_resolver registered
[    1.192929] mce: Using 0 MCE banks
[    1.194090] RAS: Correctable Errors collector initialized.
[    1.195799] sched_clock: Marking stable (1192882672, 0)->(1516061094, -323178422)
[    1.199164] registered taskstats version 1
[    1.200501] Loading compiled-in X.509 certificates
[    1.206430] Loaded X.509 cert 'Build time autogenerated kernel key: b5b26778eaa3ab3a4a6cee031137706e947d12ad'
[    1.210109] Loaded X.509 cert 'Canonical Ltd. Live Patch Signing: 14df34d1a87cf37625abec039ef2bf521249b969'
[    1.213498] Loaded X.509 cert 'Canonical Ltd. Kernel Module Signing: 88f752e560a1e0737e31163a466ad7b70a850c19'
[    1.216203] blacklist: Loading compiled-in revocation X.509 certificates
[    1.218099] Loaded X.509 cert 'Canonical Ltd. Secure Boot Signing: 61482aa2830d0ab2ad5af10b7250da9033ddcef0'
[    1.220762] Loaded X.509 cert 'Canonical Ltd. Secure Boot Signing (2017): 242ade75ac4a15e50d50c84b0d45ff3eae707a03'
[    1.223661] Loaded X.509 cert 'Canonical Ltd. Secure Boot Signing (ESM 2018): 365188c1d374d6b07c3c8f240f8ef722433d6a8b'
[    1.227617] Loaded X.509 cert 'Canonical Ltd. Secure Boot Signing (2019): c0746fd6c5da3ae827864651ad66ae47fe24b3e8'
[    1.230544] Loaded X.509 cert 'Canonical Ltd. Secure Boot Signing (2021 v1): a8d54bbb3825cfb94fa13c9f8a594a195c107b8d'
[    1.246112] Loaded X.509 cert 'Canonical Ltd. Secure Boot Signing (2021 v2): 4cf046892d6fd3c9a5b03f98d845f90851dc6a8c'
[    1.251139] Loaded X.509 cert 'Canonical Ltd. Secure Boot Signing (2021 v3): 100437bb6de6e469b581e61cd66bce3ef4ed53af'
[    1.255277] Loaded X.509 cert 'Canonical Ltd. Secure Boot Signing (Ubuntu Core 2019): c1d57b8f6b743f23ee41f4f7ee292f06eecadfb9'
[    1.259388] zswap: loaded using pool lzo/zbud
[    1.267182] Key type big_key registered
[    1.268566] Key type trusted registered
[    1.272230] Key type encrypted registered
[    1.273473] AppArmor: AppArmor sha1 policy hashing enabled
[    1.275069] ima: No TPM chip found, activating TPM-bypass! (rc=-19)
[    1.276873] ima: Allocated hash algorithm: sha1
[    1.278219] evm: HMAC attrs: 0x1
[    1.279620]   Magic number: 3:122:284
[    1.281032] rtc_cmos rtc_cmos: setting system clock to 2023-12-25 14:17:20 UTC (1703513840)
[    1.283682] BIOS EDD facility v0.16 2004-Jun-25, 0 devices found
[    1.285490] EDD information not available.
[    1.320649] Freeing unused kernel image memory: 2480K
[    1.441858] Write protecting the kernel read-only data: 20480k
[    1.446265] Freeing unused kernel image memory: 2008K
[    1.449740] Freeing unused kernel image memory: 1820K
[    1.464963] x86/mm: Checked W+X mappings: passed, no W+X pages found.
[    1.469583] x86/mm: Checking user space page tables
[    1.484606] x86/mm: Checked W+X mappings: passed, no W+X pages found.
Loading, please wait...
starting version 237
[    1.579046] e1000: Intel(R) PRO/1000 Network Driver - version 7.3.21-k8-NAPI
[    1.581208] e1000: Copyright (c) 1999-2006 Intel Corporation.
[    1.593223] Fusion MPT base driver 3.04.20
[    1.594564] Copyright (c) 1999-2008 LSI Corporation
[    1.601702] Fusion MPT SPI Host driver 3.04.20
[    1.645346] AVX2 version of gcm_enc/dec engaged.
[    1.647174] AES CTR mode by8 optimization enabled
[    1.811943] input: ImExPS/2 Generic Explorer Mouse as /devices/platform/i8042/serio1/input/input4
[    2.092253] e1000 0000:00:03.0 eth0: (PCI:33MHz:32-bit) 02:3b:7b:b7:3b:2d
[    2.095918] e1000 0000:00:03.0 eth0: Intel(R) PRO/1000 Network Connection
[    2.101627] mptbase: ioc0: Initiating bringup
[    2.201085] ioc0: LSI53C1030 A0: Capabilities={Initiator}
[    2.455569] scsi host2: ioc0: LSI53C1030 A0, FwRev=00000000h, Ports=1, MaxQ=256, IRQ=20
[    2.633148] scsi 2:0:0:0: Direct-Access     VBOX     HARDDISK         1.0  PQ: 0 ANSI: 5
[    3.289133] scsi target2:0:0: Beginning Domain Validation
[    3.347660] scsi target2:0:0: Domain Validation skipping write tests
[    3.349880] scsi target2:0:0: Ending Domain Validation
[    3.352239] scsi target2:0:0: asynchronous
[    3.355348] scsi 2:0:1:0: Direct-Access     VBOX     HARDDISK         1.0  PQ: 0 ANSI: 5
[    3.660128] scsi target2:0:1: Beginning Domain Validation
[    3.682164] scsi target2:0:1: Domain Validation skipping write tests
[    3.687549] scsi target2:0:1: Ending Domain Validation
[    3.690548] scsi target2:0:1: asynchronous
[    3.702325] sd 2:0:0:0: Attached scsi generic sg0 type 0
[    3.705518] sd 2:0:0:0: [sda] 83886080 512-byte logical blocks: (42.9 GB/40.0 GiB)
[    3.709774] sd 2:0:0:0: [sda] Write Protect is off
[    3.712156] sd 2:0:1:0: Attached scsi generic sg1 type 0
[    3.716033] sd 2:0:1:0: [sdb] 20480 512-byte logical blocks: (10.5 MB/10.0 MiB)
[    3.719875] sd 2:0:0:0: [sda] Incomplete mode parameter data
[    3.720263] e1000 0000:00:08.0 eth1: (PCI:33MHz:32-bit) 08:00:27:fb:55:38
[    3.722189] sd 2:0:0:0: [sda] Assuming drive cache: write through
[    3.724965] e1000 0000:00:08.0 eth1: Intel(R) PRO/1000 Network Connection
[    3.727298] sd 2:0:1:0: [sdb] Write Protect is off
[    3.732527] sd 2:0:1:0: [sdb] Incomplete mode parameter data
[    3.734744] sd 2:0:1:0: [sdb] Assuming drive cache: write through
[    3.735053]  sda: sda1
[    3.742632] sd 2:0:0:0: [sda] Attached SCSI disk
[    3.756214] sd 2:0:1:0: [sdb] Attached SCSI disk
[    3.765757] e1000 0000:00:08.0 enp0s8: renamed from eth1
[    3.793360] e1000 0000:00:03.0 enp0s3: renamed from eth0
Begin: Loading essential drivers ... [    6.372125] raid6: sse2x1   gen()  4515 MB/s
[    6.420248] raid6: sse2x1   xor()  2702 MB/s
[    6.472108] raid6: sse2x2   gen()  6747 MB/s
[    6.520062] raid6: sse2x2   xor()  3844 MB/s
[    6.571415] raid6: sse2x4   gen()  7747 MB/s
[    6.620075] raid6: sse2x4   xor()  3509 MB/s
[    6.668247] raid6: avx2x1   gen()  6115 MB/s
[    6.716109] raid6: avx2x1   xor()  5315 MB/s
[    6.764118] raid6: avx2x2   gen() 15133 MB/s
[    6.812058] raid6: avx2x2   xor() 10168 MB/s
[    6.860073] raid6: avx2x4   gen() 16847 MB/s
[    6.908129] raid6: avx2x4   xor()  6118 MB/s
[    6.909918] raid6: using algorithm avx2x4 gen() 16847 MB/s
[    6.911710] raid6: .... xor() 6118 MB/s, rmw enabled
[    6.913610] raid6: using avx2x2 recovery algorithm
[    6.917949] xor: automatically using best checksumming function   avx       
[    6.922131] async_tx: api initialized (async)
done.
Begin: Running /scripts/init-premount ... done.
Begin: Mounting root file system ... Begin: Running /scripts/local-top ... done.
Begin: Running /scripts/local-premount ... [    7.001852] Btrfs loaded, crc32c=crc32c-intel
Scanning for Btrfs filesystems
done.
Warning: fsck not present, so skipping root file system
[    7.051074] EXT4-fs (sda1): mounted filesystem with ordered data mode. Opts: (null)
done.
Begin: Running /scripts/local-bottom ... done.
Begin: Running /scripts/init-bottom ... done.
[    7.300869] ip_tables: (C) 2000-2006 Netfilter Core Team
[    7.327651] systemd[1]: systemd 237 running in system mode. (+PAM +AUDIT +SELINUX +IMA +APPARMOR +SMACK +SYSVINIT +UTMP +LIBCRYPTSETUP +GCRYPT +GNUTLS +ACL +XZ +LZ4 +SECCOMP +BLKID +ELFUTILS +KMOD -IDN2 +IDN -PCRE2 default-hierarchy=hybrid)
[    7.336222] systemd[1]: Detected virtualization oracle.
[    7.338062] systemd[1]: Detected architecture x86-64.

Welcome to [1mUbuntu 18.04.6 LTS[0m!

[    7.350202] systemd[1]: Set hostname to <ubuntu>.
[    7.355313] systemd[1]: Initializing machine ID from random generator.
[    7.357513] systemd[1]: Installed transient /etc/machine-id file.
[    7.811171] systemd[1]: Set up automount Arbitrary Executable File Formats File System Automount Point.
[[0;32m  OK  [0m] Set up automount Arbitrary Executab…rmats File System Automount Point.
[    7.819984] systemd[1]: Created slice System Slice.
[[0;32m  OK  [0m] Created slice System Slice.
[    7.822698] systemd[1]: Listening on Device-mapper event daemon FIFOs.
[[0;32m  OK  [0m] Listening on Device-mapper event daemon FIFOs.
[    7.825774] systemd[1]: Listening on Journal Socket.
[[0;32m  OK  [0m] Listening on Journal Socket.
         Mounting Huge Pages File System...
[[0;32m  OK  [0m] Created slice system-serial\x2dgetty.slice.
         Starting Create list of required st…ce nodes for the current kernel...
[[0;32m  OK  [0m] Reached target Swap.
         Mounting Kernel Debug File System...
[[0;32m  OK  [0m] Listening on Journal Audit Socket.
         Starting Set the console keyboard layout...
[[0;32m  OK  [0m] Listening on /dev/initctl Compatibility Named Pipe.
[[0;32m  OK  [0m] Listening on udev Kernel Socket.
         Mounting POSIX Message Queue File System...
[[0;32m  OK  [0m] Created slice User and Session Slice.
[[0;32m  OK  [0m] Reached target Slices.
[[0;32m  OK  [0m] Reached target User and Group Name Lookups.
[[0;32m  OK  [0m] Reached target Mounting snaps.
[[0;32m  OK  [0m] Listening on LVM2 metadata daemon socket.
         Starting Monitoring of LVM2 mirrors…ng dmeventd or progress polling...
[[0;32m  OK  [0m] Listening on udev Control Socket.
         Starting udev Coldplug all Devices...
[[0;32m  OK  [0m] Listening on Journal Socket (/dev/log).
[[0;32m  OK  [0m] Listening on Syslog Socket.
[[0;32m  OK  [0m] Listening on Network Service Netlink Socket.
[[0;32m  OK  [0m] Listening on fsck to fsckd communication Socket.
         Starting File System Check on Root Device...
[[0;32m  OK  [0m] Reached target Mounted snaps.
[[0;32m  OK  [0m] Reached target System Time Synchronized.
[[0;32m  OK  [0m] Started Forward Password Requests to Wall Directory Watch.
         Starting Load Kernel Modules...
         Starting Uncomplicated firewall...
         Starting Journal Service...
[[0;32m  OK  [0m] Listening on LVM2 poll daemon socket.
[[0;32m  OK  [0m] Mounted Huge Pages File System.
[[0;32m  OK  [0m] Started Create list of required sta…vice nodes for the current kernel.
[[0;32m  OK  [0m] Mounted Kernel Debug File System.
[[0;32m  OK  [0m] Mounted POSIX Message Queue File System.
[[0;32m  OK  [0m] Started LVM2 metadata daemon.
[[0;32m  OK  [0m] Started File System Check Daemon to report status.
         Starting Create Static Device Nodes in /dev...
[    8.041056] Loading iSCSI transport class v2.0-870.
[    8.050975] iscsi: registered transport (tcp)
[[0;32m  OK  [0m] Started Uncomplicated firewall.
[[0;32m  OK  [0m] Started udev Coldplug all Devices.
[[0;32m  OK  [0m] Started Journal Service.
[[0;32m  OK  [0m] Started Create Static Device Nodes in /dev.
[[0;32m  OK  [0m] Started File System Check on Root Device.
         Starting Remount Root and Kernel File Systems...
[[0;32m  OK  [0m] Started Monitoring of LVM2 mirrors,…sing dmeventd or progress polling.
[    8.250675] iscsi: registered transport (iser)
[[0;32m  OK  [0m] Started Load Kernel Modules.
         Mounting FUSE Control File System...
[    8.262829] EXT4-fs (sda1): re-mounted. Opts: (null)
         Mounting Kernel Configuration File System...
         Starting Apply Kernel Variables...
[[0;32m  OK  [0m] Started Remount Root and Kernel File Systems.
[[0;32m  OK  [0m] Mounted FUSE Control File System.
[[0;32m  OK  [0m] Mounted Kernel Configuration File System.
         Starting Load/Save Random Seed...
         Starting Flush Journal to Persistent Storage...
         Starting udev Kernel Device Manager...
[[0;32m  OK  [0m] Started Load/Save Random Seed.
[    8.348124] systemd-journald[427]: Received request to flush runtime journal from PID 1
[[0;32m  OK  [0m] Started Apply Kernel Variables.
[[0;32m  OK  [0m] Started Flush Journal to Persistent Storage.
[[0;32m  OK  [0m] Started udev Kernel Device Manager.
[[0;32m  OK  [0m] Found device /dev/ttyS0.
[[0;32m  OK  [0m] Listening on Load/Save RF Kill Switch Status /dev/rfkill Watch.
         Mounting Arbitrary Executable File Formats File System...
[[0;32m  OK  [0m] Mounted Arbitrary Executable File Formats File System.
[[0;32m  OK  [0m] Started Set the console keyboard layout.
[[0;32m  OK  [0m] Reached target Local File Systems (Pre).
[[0;32m  OK  [0m] Reached target Local File Systems.
         Starting AppArmor initialization...
         Starting Set console font and keymap...
         Starting Commit a transient machine-id on disk...
         Starting Tell Plymouth To Write Out Runtime Data...
         Starting ebtables ruleset management...
         Starting Create Volatile Files and Directories...
[[0;32m  OK  [0m] Started Dispatch Password Requests to Console Directory Watch.
[[0;32m  OK  [0m] Reached target Local Encrypted Volumes.
[[0;32m  OK  [0m] Started Tell Plymouth To Write Out Runtime Data.
[[0;32m  OK  [0m] Started Create Volatile Files and Directories.
         Starting Update UTMP about System Boot/Shutdown...
[[0;32m  OK  [0m] Started Update UTMP about System Boot/Shutdown.
[[0;32m  OK  [0m] Started ebtables ruleset management.
[[0;32m  OK  [0m] Started Commit a transient machine-id on disk.
[[0;32m  OK  [0m] Started AppArmor initialization.
         Starting Initial cloud-init job (pre-networking)...
         Starting Load AppArmor profiles managed internally by snapd...
[[0;32m  OK  [0m] Started Load AppArmor profiles managed internally by snapd.
[[0;32m  OK  [0m] Started Set console font and keymap.
[   15.436493] cloud-init[655]: Cloud-init v. 23.1.2-0ubuntu0~18.04.1 running 'init-local' at Mon, 25 Dec 2023 14:17:33 +0000. Up 14.71 seconds.
[[0;32m  OK  [0m] Started Initial cloud-init job (pre-networking).
[[0;32m  OK  [0m] Reached target Network (Pre).
         Starting Network Service...
[[0;32m  OK  [0m] Started Network Service.
         Starting Wait for Network to be Configured...
         Starting Network Name Resolution...
[[0;32m  OK  [0m] Started Network Name Resolution.
[[0;32m  OK  [0m] Reached target Network.
[[0;32m  OK  [0m] Reached target Host and Network Name Lookups.
[[0;32m  OK  [0m] Started Wait for Network to be Configured.
         Starting Initial cloud-init job (metadata service crawler)...
[   18.216306] cloud-init[952]: Cloud-init v. 23.1.2-0ubuntu0~18.04.1 running 'init' at Mon, 25 Dec 2023 14:17:37 +0000. Up 17.97 seconds.
[   18.221230] cloud-init[952]: ci-info: ++++++++++++++++++++++++++++++++++++++Net device info+++++++++++++++++++++++++++++++++++++++
[   18.225498] cloud-init[952]: ci-info: +--------+-------+----------------------------+---------------+--------+-------------------+
[   18.229871] cloud-init[952]: ci-info: | Device |   Up  |          Address           |      Mask     | Scope  |     Hw-Address    |
[   18.234112] cloud-init[952]: ci-info: +--------+-------+----------------------------+---------------+--------+-------------------+
[   18.238685] cloud-init[952]: ci-info: | enp0s3 |  True |         10.0.2.15          | 255.255.255.0 | global | 02:3b:7b:b7:3b:2d |
[   18.243405] cloud-init[952]: ci-info: | enp0s3 |  True | fe80::3b:7bff:feb7:3b2d/64 |       .       |  link  | 02:3b:7b:b7:3b:2d |
[   18.253538] cloud-init[952]: ci-info: | enp0s8 | False |             .              |       .       |   .    | 08:00:27:fb:55:38 |
[   18.260650] cloud-init[952]: ci-info: |   lo   |  True |         127.0.0.1          |   255.0.0.0   |  host  |         .         |
[   18.266663] cloud-init[952]: ci-info: |   lo   |  True |          ::1/128           |       .       |  host  |         .         |
[   18.272713] cloud-init[952]: ci-info: +--------+-------+----------------------------+---------------+--------+-------------------+
[   18.276182] cloud-init[952]: ci-info: ++++++++++++++++++++++++++++Route IPv4 info+++++++++++++++++++++++++++++
[   18.278970] cloud-init[952]: ci-info: +-------+-------------+----------+-----------------+-----------+-------+
[   18.281795] cloud-init[952]: ci-info: | Route | Destination | Gateway  |     Genmask     | Interface | Flags |
[   18.284619] cloud-init[952]: ci-info: +-------+-------------+----------+-----------------+-----------+-------+
[   18.287605] cloud-init[952]: ci-info: |   0   |   0.0.0.0   | 10.0.2.2 |     0.0.0.0     |   enp0s3  |   UG  |
[   18.290384] cloud-init[952]: ci-info: |   1   |   10.0.2.0  | 0.0.0.0  |  255.255.255.0  |   enp0s3  |   U   |
[   18.293368] cloud-init[952]: ci-info: |   2   |   10.0.2.2  | 0.0.0.0  | 255.255.255.255 |   enp0s3  |   UH  |
[   18.297302] cloud-init[952]: ci-info: +-------+-------------+----------+-----------------+-----------+-------+
[   18.301554] cloud-init[952]: ci-info: +++++++++++++++++++Route IPv6 info+++++++++++++++++++
[   18.304651] cloud-init[952]: ci-info: +-------+-------------+---------+-----------+-------+
[   18.307237] cloud-init[952]: ci-info: | Route | Destination | Gateway | Interface | Flags |
[   18.309392] cloud-init[952]: ci-info: +-------+-------------+---------+-----------+-------+
[   18.312305] cloud-init[952]: ci-info: |   1   |  fe80::/64  |    ::   |   enp0s3  |   U   |
[   18.314967] cloud-init[952]: ci-info: |   3   |    local    |    ::   |   enp0s3  |   U   |
[   18.317291] cloud-init[952]: ci-info: |   4   |   ff00::/8  |    ::   |   enp0s3  |   U   |
[   18.332757] cloud-init[952]: ci-info: +-------+-------------+---------+-----------+-------+
[   19.326270] cloud-init[952]: Generating public/private rsa key pair.
[   19.327959] cloud-init[952]: Your identification has been saved in /etc/ssh/ssh_host_rsa_key.
[   19.332899] cloud-init[952]: Your public key has been saved in /etc/ssh/ssh_host_rsa_key.pub.
[   19.338604] cloud-init[952]: The key fingerprint is:
[   19.342514] cloud-init[952]: SHA256:HHdASLD+pDlSWz8LyuZZCzWKyRAScgo7UJfGofGra6o root@ubuntu-bionic
[   19.348342] cloud-init[952]: The key's randomart image is:
[   19.352659] cloud-init[952]: +---[RSA 2048]----+
[   19.355482] cloud-init[952]: |=.+.oo.o.oo      |
[   19.359050] cloud-init[952]: |+= =+  ..  .     |
[   19.362041] cloud-init[952]: |= o.. . . . .    |
[   19.365618] cloud-init[952]: | o . o . o .     |
[   19.368908] cloud-init[952]: |  . . o S        |
[   19.372079] cloud-init[952]: |   + + X o       |
[   19.375534] cloud-init[952]: |  . = B + o      |
[   19.378471] cloud-init[952]: |  .. o.* o o     |
[   19.393791] cloud-init[952]: |Eo.  o= . .      |
[   19.398105] cloud-init[952]: +----[SHA256]-----+
[   19.401881] cloud-init[952]: Generating public/private dsa key pair.
[   19.406199] cloud-init[952]: Your identification has been saved in /etc/ssh/ssh_host_dsa_key.
[   19.412336] cloud-init[952]: Your public key has been saved in /etc/ssh/ssh_host_dsa_key.pub.
[   19.417570] cloud-init[952]: The key fingerprint is:
[   19.420880] cloud-init[952]: SHA256:qP97rS2ccKmY/QCFlCoBxIgi+KRnGmC+W4VcaaaXlr4 root@ubuntu-bionic
[   19.426462] cloud-init[952]: The key's randomart image is:
[[0;32m  OK  [0m] Started Initial cloud-init job (metadata service crawler).
[[0;32m  OK  [0m] Reached target Cloud-config availability.[   19.431135] cloud-init[952]: +---[DSA 1024]----+
[   19.440871] cloud-init[952]: |Bo    o.         |
[   19.441742] cloud-init[952]: |Boo  *..         |
[   19.443066] cloud-init[952]: |*+..*.+ .        |
[   19.444913] cloud-init[952]: |o.=+.* o         |
[   19.445925] cloud-init[952]: | =..= o S  .     |
[   19.446907] cloud-init[952]: |.. . o .. o      |
[   19.447930] cloud-init[952]: |  o . .+.= o     |
[   19.448969] cloud-init[952]: | .   Eo o.=..    |
[   19.450547] cloud-init[952]: |      ..o+oo.    |
[   19.451780] cloud-init[952]: +----[SHA256]-----+
[   19.452946] cloud-init[952]: Generating public/private ecdsa key pair.

[   19.453941] cloud-init[952]: Your identification has been saved in /etc/ssh/ssh_host_ecdsa_key.
[   19.454038] cloud-init[952]: Your public key has been saved in /etc/ssh/ssh_host_ecdsa_key.pub.
[   19.485572] cloud-init[952]: The key fingerprint is:
[   19.485843] cloud-init[952]: SHA256:XVoUX8pUwr7LjPDdtol7jGTf3tK87zzGlSaI8ndb+4g root@ubuntu-bionic
[[0;32m  OK  [0m] Reached target System Initialization.
[   19.486516] cloud-init[952]: The key's randomart image is:
[[   19.496005] cloud-init[952]: +---[ECDSA 256]---+
[   19.496483] cloud-init[952]: |            ooo.o|
[   19.497471] cloud-init[952]: |           . +.+ |
[   19.498501] cloud-init[952]: |            o.+  |
[   19.500036] cloud-init[952]: |         . +  .  |
[   19.501684] cloud-init[952]: |        S + .  ..|
[   19.502675] cloud-init[952]: |       . ... +.o.|
[   19.503715] cloud-init[952]: |        o  oo=B*o|
[   19.504746] cloud-init[952]: |         . .o+OXX|
[   19.505865] cloud-init[952]: |          . E+*X&|
[   19.506607] cloud-init[952]: +----[SHA256]-----+
[   19.507891] cloud-init[952]: Generating public/private ed25519 key pair.
[   19.509374] cloud-init[952]: Your identification has been saved in /etc/ssh/ssh_host_ed25519_key.
[   19.510391] cloud-init[952]: Your public key has been saved in /etc/ssh/ssh_host_ed25519_key.pub.
[   19.511383] cloud-init[952]: The key fingerprint is:
[   19.513928] cloud-init[952]: SHA256:T62InEB3SrakWY0wmFhbhAgd4fZJ22oFMj4Oe5oh1Gs root@ubuntu-bionic
[   19.515087] cloud-init[952]: The key's randomart image is:
[   19.516496] cloud-init[952]: +--[ED25519 256]--+
[   19.517513] cloud-init[952]: |o=+B=            |
[   19.518490] cloud-init[952]: |o.=o o o         |
[   19.519586] cloud-init[952]: |  * + B o        |
[   19.521564] cloud-init[952]: | o.* & +   .     |
[0;32m  OK  [0m] Listening on Open-iSCSI iscsid Socket.
[   19.522025] cloud-init[952]: |..o.B = S . .    |
[   19.566303] cloud-init[952]: |.+ ..= o + .     |
[   19.568695] cloud-init[952]: |+ oEo + . o      |
[   19.571600] cloud-init[952]: |.=..             |
[[0;32m  OK  [0m[   19.573780] cloud-init[952]: |o                |
[   19.574573] cloud-init[952]: +----[SHA256]-----+
] Started ACPI Events Check.
[[0;32m  OK  [0m] Listening on ACPID Listen Socket.
[[0;32m  OK  [0m] Listening on UUID daemon activation socket.
[[0;32m  OK  [0m] Listening on D-Bus System Message Bus Socket.
[[0;32m  OK  [0m] Started Ubuntu Advantage Timer for running repeated jobs.
         Starting Socket activation for snappy daemon.
[[0;32m  OK  [0m] Reached target Paths.
[[0;32m  OK  [0m] Listening on cloud-init hotplug hook socket.
         Starting LXD - unix socket.
[[0;32m  OK  [0m] Started Daily Cleanup of Temporary Directories.
[[0;32m  OK  [0m] Started Message of the Day.
[[0;32m  OK  [0m] Started Daily apt download activities.
[[0;32m  OK  [0m] Started Discard unused blocks once a week.
[[0;32m  OK  [0m] Started Daily apt upgrade and clean activities.
[[0;32m  OK  [0m] Reached target Timers.
[[0;32m  OK  [0m] Reached target Network is Online.
         Starting Availability of block devices...
[[0;32m  OK  [0m] Reached target Remote File Systems (Pre).
[[0;32m  OK  [0m] Reached target Remote File Systems.
[[0;32m  OK  [0m] Listening on Socket activation for snappy daemon.
[[0;32m  OK  [0m] Listening on LXD - unix socket.
[[0;32m  OK  [0m] Started Availability of block devices.
[[0;32m  OK  [0m] Reached target Sockets.
[[0;32m  OK  [0m] Reached target Basic System.
         Starting System Logging Service...
         Starting Permit User Sessions...
         Starting LXD - container startup/shutdown...
[[0;32m  OK  [0m] Started FUSE filesystem for LXC.
[[0;32m  OK  [0m] Started Regular background program processing daemon.
[[0;32m  OK  [0m] Started irqbalance daemon.
[[0;32m  OK  [0m] Reached target Login Prompts (Pre).
         Starting Dispatcher daemon for systemd-networkd...
[[0;32m  OK  [0m] Started D-Bus System Message Bus.
         Starting Accounts Service...
         Starting LSB: Record successful boot for GRUB...
         Starting LSB: automatic crash report generation...
         Starting Pollinate to seed the pseudo random number generator...
         Starting Login Service...
         Starting Virtualbox guest utils...
[[0;32m  OK  [0m] Started Deferred execution scheduler.
         Starting Snap Daemon...
[[0;32m  OK  [0m] Started System Logging Service.
[[0;32m  OK  [0m] Started Permit User Sessions.
         Starting Hold until boot process finishes up...
         Starting Terminate Plymouth Boot Screen...
[[0;32m  OK  [0m] Started Hold until boot process finishes up.
[[0;32m  OK  [0m] Started Serial Getty on ttyS0.
         Starting Set console scheme...
[[0;32m  OK  [0m] Started Terminate Plymouth Boot Screen.
[[0;32m  OK  [0m] Started Set console scheme.
[[0;32m  OK  [0m] Created slice system-getty.slice.
[[0;32m  OK  [0m] Started Getty on tty1.
[[0;32m  OK  [0m] Reached target Login Prompts.
[[0;32m  OK  [0m] Started LXD - container startup/shutdown.
[[0;32m  OK  [0m] Started LSB: automatic crash report generation.
[[0;32m  OK  [0m] Started Login Service.
[[0;32m  OK  [0m] Started Unattended Upgrades Shutdown.
         Starting Authorization Manager...
[[0;32m  OK  [0m] Started LSB: Record successful boot for GRUB.
[[0;32m  OK  [0m] Started Authorization Manager.
[[0;32m  OK  [0m] Started Accounts Service.
[[0;32m  OK  [0m] Started Virtualbox guest utils.
[[0;32m  OK  [0m] Started Dispatcher daemon for systemd-networkd.
[[0;32m  OK  [0m] Started Snap Daemon.
         Starting Wait until snapd is fully seeded...
         Starting Time & Date Service...
[[0;32m  OK  [0m] Started Time & Date Service.

Ubuntu 18.04.6 LTS ubuntu-bionic ttyS0

ubuntu-bionic login: [   45.653885] cloud-init[2065]: Cloud-init v. 23.1.2-0ubuntu0~18.04.1 running 'modules:config' at Mon, 25 Dec 2023 14:18:04 +0000. Up 44.84 seconds.
ci-info: no authorized SSH keys fingerprints found for user ubuntu.
<14>Dec 25 14:18:06 cloud-init: #############################################################
<14>Dec 25 14:18:06 cloud-init: -----BEGIN SSH HOST KEY FINGERPRINTS-----
<14>Dec 25 14:18:06 cloud-init: 1024 SHA256:qP97rS2ccKmY/QCFlCoBxIgi+KRnGmC+W4VcaaaXlr4 root@ubuntu-bionic (DSA)
<14>Dec 25 14:18:06 cloud-init: 256 SHA256:XVoUX8pUwr7LjPDdtol7jGTf3tK87zzGlSaI8ndb+4g root@ubuntu-bionic (ECDSA)
<14>Dec 25 14:18:06 cloud-init: 256 SHA256:T62InEB3SrakWY0wmFhbhAgd4fZJ22oFMj4Oe5oh1Gs root@ubuntu-bionic (ED25519)
<14>Dec 25 14:18:06 cloud-init: 2048 SHA256:HHdASLD+pDlSWz8LyuZZCzWKyRAScgo7UJfGofGra6o root@ubuntu-bionic (RSA)
<14>Dec 25 14:18:06 cloud-init: -----END SSH HOST KEY FINGERPRINTS-----
<14>Dec 25 14:18:06 cloud-init: #############################################################
-----BEGIN SSH HOST KEY KEYS-----
ecdsa-sha2-nistp256 AAAAE2VjZHNhLXNoYTItbmlzdHAyNTYAAAAIbmlzdHAyNTYAAABBBEblSOvskyPV/QONga+1IssGxSPB2XFCzqodelrAhbqVBUNB5sxWhwskpXKv5f+lfzPtJYanffcs/YXD2OTv49M= root@ubuntu-bionic
ssh-ed25519 AAAAC3NzaC1lZDI1NTE5AAAAIHUexeFDKP2h4yV0YbESpGfJwjzHr+b9pZmCipcehpby root@ubuntu-bionic
ssh-rsa AAAAB3NzaC1yc2EAAAADAQABAAABAQDC9533PyAFGw7o3gYn+lH6BQIb7T5/h603Cc+fPg8+kvuclUhD3s0Rc5obaOV1ru9loTZHmMiLKh76vdvVPakIGtUj7aCUHC3Zp0dKrxt3/fb3ad2xztnwCVhJv9L/OixEU/tqrRCOLod0/cgzPkex46Hf4RnBEvSaIjXQPlfBkHYLAv9XF704KtSofdX9btqV56WV3DfOnPvtlRpkrxuADmYDXMg5W57TRAOavaHQfVNarphPoYrfdC/Fe3hD+J/ZxYW4G7S5yFJyk8su/TqnZYIBv+dI4md7xOlpP7HbXus/VEYCROwyq4I3DQ/N2Ge1r61f+T9/LE3w794qtBCX root@ubuntu-bionic
-----END SSH HOST KEY KEYS-----
[   46.914077] cloud-init[2191]: Cloud-init v. 23.1.2-0ubuntu0~18.04.1 running 'modules:final' at Mon, 25 Dec 2023 14:18:05 +0000. Up 46.56 seconds.
[   46.917228] cloud-init[2191]: Cloud-init v. 23.1.2-0ubuntu0~18.04.1 finished at Mon, 25 Dec 2023 14:18:06 +0000. Datasource DataSourceNoCloud [seed=/dev/sdb][dsmode=net].  Up 46.89 seconds
